0 info it worked if it ends with ok
1 verbose cli [ 'D:\\Dev Soft\\nodejs\\node.exe',
1 verbose cli   'D:\\Dev Soft\\nodejs\\node_modules\\npm\\bin\\npm-cli.js',
1 verbose cli   'run',
1 verbose cli   'serve' ]
2 info using npm@3.10.3
3 info using node@v6.6.0
4 verbose run-script [ 'preserve', 'serve', 'postserve' ]
5 info lifecycle team-project-client@0.0.1~preserve: team-project-client@0.0.1
6 silly lifecycle team-project-client@0.0.1~preserve: no script for preserve, continuing
7 info lifecycle team-project-client@0.0.1~serve: team-project-client@0.0.1
8 verbose lifecycle team-project-client@0.0.1~serve: unsafe-perm in lifecycle true
9 verbose lifecycle team-project-client@0.0.1~serve: PATH: D:\Dev Soft\nodejs\node_modules\npm\bin\node-gyp-bin;D:\Projects\team-project-client-template\node_modules\.bin;D:\Dev Soft\nodejs;C:\Users\nshoa\AppData\Roaming\npm;D:\Dev Soft\nodejs\;C:\ProgramData\Oracle\Java\javapath;C:\Windows\system32;C:\Windows;C:\Windows\System32\Wbem;C:\Windows\System32\WindowsPowerShell\v1.0\;C:\Program Files (x86)\Skype\Phone\;C:\Program Files (x86)\NVIDIA Corporation\PhysX\Common;C:\WINDOWS\system32;C:\WINDOWS;C:\WINDOWS\System32\Wbem;C:\WINDOWS\System32\WindowsPowerShell\v1.0\;D:\Dev Soft\nodejs\;D:\Dev Soft\Git\cmd;C:\Users\nshoa\AppData\Local\atom\bin;C:\Users\nshoa\AppData\Local\Microsoft\WindowsApps;C:\Users\nshoa\AppData\Roaming\npm
10 verbose lifecycle team-project-client@0.0.1~serve: CWD: D:\Projects\team-project-client-template
11 silly lifecycle team-project-client@0.0.1~serve: Args: [ '/d /s /c', 'webpack-dev-server --content-base build' ]
12 silly lifecycle team-project-client@0.0.1~serve: Returned: code: 1  signal: null
13 info lifecycle team-project-client@0.0.1~serve: Failed to exec serve script
14 verbose stack Error: team-project-client@0.0.1 serve: `webpack-dev-server --content-base build`
14 verbose stack Exit status 1
14 verbose stack     at EventEmitter.<anonymous> (D:\Dev Soft\nodejs\node_modules\npm\lib\utils\lifecycle.js:242:16)
14 verbose stack     at emitTwo (events.js:106:13)
14 verbose stack     at EventEmitter.emit (events.js:191:7)
14 verbose stack     at ChildProcess.<anonymous> (D:\Dev Soft\nodejs\node_modules\npm\lib\utils\spawn.js:40:14)
14 verbose stack     at emitTwo (events.js:106:13)
14 verbose stack     at ChildProcess.emit (events.js:191:7)
14 verbose stack     at maybeClose (internal/child_process.js:877:16)
14 verbose stack     at Process.ChildProcess._handle.onexit (internal/child_process.js:226:5)
15 verbose pkgid team-project-client@0.0.1
16 verbose cwd D:\Projects\team-project-client-template\build
17 error Windows_NT 10.0.14393
18 error argv "D:\\Dev Soft\\nodejs\\node.exe" "D:\\Dev Soft\\nodejs\\node_modules\\npm\\bin\\npm-cli.js" "run" "serve"
19 error node v6.6.0
20 error npm  v3.10.3
21 error code ELIFECYCLE
22 error team-project-client@0.0.1 serve: `webpack-dev-server --content-base build`
22 error Exit status 1
23 error Failed at the team-project-client@0.0.1 serve script 'webpack-dev-server --content-base build'.
23 error Make sure you have the latest version of node.js and npm installed.
23 error If you do, this is most likely a problem with the team-project-client package,
23 error not with npm itself.
23 error Tell the author that this fails on your system:
23 error     webpack-dev-server --content-base build
23 error You can get information on how to open an issue for this project with:
23 error     npm bugs team-project-client
23 error Or if that isn't available, you can get their info via:
23 error     npm owner ls team-project-client
23 error There is likely additional logging output above.
24 verbose exit [ 1, true ]
